

Version:	3.50
CmdLine:	D:\Windows\Usuarios\Nathan\Projects\At Work\Java - JavaFx\Chess\ChessMassters.exe --l4j-debug
JNI:		No
WOW64:		Yes
Working dir:	D:\Windows\Usuarios\Nathan\Projects\At Work\Java - JavaFx\Chess\.
Requires JDK:	No
Requires 64-Bit: No
Java min ver:	
Java max ver:	
Substitute:	JAVA_HOME = C:\Program Files\Java\jdk-21
Substitute:	PATH = C:\Python312\Scripts\;C:\Python312\;C:\Program Files\Java\jdk-21\bin;C:\Program Files\Java\jre1.8.0_51\bin;C:\Program Files\apache-maven-3.9.6\\bin;C:\WINDOWS\system32;C:\WINDOWS;C:\WINDOWS\System32\Wbem;C:\WINDOWS\System32\WindowsPowerShell\v1.0\;C:\WINDOWS\System32\OpenSSH\;D:\Arquivos de Programas\PuTTY\;D:\Arquivos de Programas\NodeJS\;C:\ProgramData\chocolatey\bin;C:\Program Files (x86)\cloudflared\;C:\Program Files\dotnet\;D:\Arquivos de Programas\Git\cmd;C:\Users\cutet\AppData\Local\Microsoft\WindowsApps;D:\Arquivos de Programas\Microsoft VS Code\bin;C:\Users\cutet\AppData\Local\GitHubDesktop\bin;C:\Users\cutet\AppData\Roaming\npm;C:\Users\cutet\.dotnet\tools;C:\Program Files\Java\jdk-21\bin
JRE paths:	C:\Program Files\Java\jdk-21;C:\Python312\Scripts\;C:\Python312\;C:\Program Files\Java\jdk-21\bin;C:\Program Files\Java\jre1.8.0_51\bin;C:\Program Files\apache-maven-3.9.6\\bin;C:\WINDOWS\system32;C:\WINDOWS;C:\WINDOWS\System32\Wbem;C:\WINDOWS\System32\WindowsPowerShell\v1.0\;C:\WINDOWS\System32\OpenSSH\;D:\Arquivos de Programas\PuTTY\;D:\Arquivos de Programas\NodeJS\;C:\ProgramData\chocolatey\bin;C:\Program Files (x86)\cloudflared\;C:\Program Files\dotnet\;D:\Arquivos de Programas\Git\cmd;C:\Users\cutet\AppData\Local\Microsoft\WindowsApps;D:\Arquivos de Programas\Microsoft VS Code\bin;C:\Users\cutet\AppData\Local\GitHubDesktop\bin;C:\Users\cutet\AppData\Roaming\npm;C:\Users\cutet\.dotnet\tools;C:\Program Files\Java\jdk-21\bin
Check launcher:	C:\Program Files\Java\jdk-21\bin\javaw.exe (OK)
Version string: 1.021.000_002 / 64-Bit (OK)
Launcher:	C:\Program Files\Java\jdk-21\bin\javaw.exe
Launcher args:	-jar "D:\Windows\Usuarios\Nathan\Projects\At Work\Java - JavaFx\Chess\ChessMassters.exe"
Args length:	88/32768 chars
Exit code:	0


Version:	3.50
CmdLine:	D:\Windows\Usuarios\Nathan\Projects\At Work\Java - JavaFx\Chess\ChessMassters.exe --l4j-debug
JNI:		No
WOW64:		Yes
Working dir:	D:\Windows\Usuarios\Nathan\Projects\At Work\Java - JavaFx\Chess\.
Requires JDK:	No
Requires 64-Bit: No
Java min ver:	
Java max ver:	
Substitute:	JAVA_HOME = C:\Program Files\Java\jdk-21
Substitute:	PATH = C:\Python312\Scripts\;C:\Python312\;C:\Program Files\Java\jdk-21\bin;C:\Program Files\Java\jre1.8.0_51\bin;C:\Program Files\apache-maven-3.9.6\\bin;C:\WINDOWS\system32;C:\WINDOWS;C:\WINDOWS\System32\Wbem;C:\WINDOWS\System32\WindowsPowerShell\v1.0\;C:\WINDOWS\System32\OpenSSH\;D:\Arquivos de Programas\PuTTY\;D:\Arquivos de Programas\NodeJS\;C:\ProgramData\chocolatey\bin;C:\Program Files (x86)\cloudflared\;C:\Program Files\dotnet\;D:\Arquivos de Programas\Git\cmd;C:\Users\cutet\AppData\Local\Microsoft\WindowsApps;D:\Arquivos de Programas\Microsoft VS Code\bin;C:\Users\cutet\AppData\Local\GitHubDesktop\bin;C:\Users\cutet\AppData\Roaming\npm;C:\Users\cutet\.dotnet\tools;C:\Program Files\Java\jdk-21\bin
JRE paths:	C:\Program Files\Java\jdk-21;C:\Python312\Scripts\;C:\Python312\;C:\Program Files\Java\jdk-21\bin;C:\Program Files\Java\jre1.8.0_51\bin;C:\Program Files\apache-maven-3.9.6\\bin;C:\WINDOWS\system32;C:\WINDOWS;C:\WINDOWS\System32\Wbem;C:\WINDOWS\System32\WindowsPowerShell\v1.0\;C:\WINDOWS\System32\OpenSSH\;D:\Arquivos de Programas\PuTTY\;D:\Arquivos de Programas\NodeJS\;C:\ProgramData\chocolatey\bin;C:\Program Files (x86)\cloudflared\;C:\Program Files\dotnet\;D:\Arquivos de Programas\Git\cmd;C:\Users\cutet\AppData\Local\Microsoft\WindowsApps;D:\Arquivos de Programas\Microsoft VS Code\bin;C:\Users\cutet\AppData\Local\GitHubDesktop\bin;C:\Users\cutet\AppData\Roaming\npm;C:\Users\cutet\.dotnet\tools;C:\Program Files\Java\jdk-21\bin
Check launcher:	C:\Program Files\Java\jdk-21\bin\javaw.exe (OK)
Version string: 1.021.000_002 / 64-Bit (OK)
Launcher:	C:\Program Files\Java\jdk-21\bin\javaw.exe
Launcher args:	-jar "D:\Windows\Usuarios\Nathan\Projects\At Work\Java - JavaFx\Chess\ChessMassters.exe"
Args length:	88/32768 chars
Exit code:	0
